// 重构日志: 51098fba
// 重构日志: 98be6d5d
// 重构日志: 786df9bf
// 同步 ID: e6f4a7a6 @ Fri Jul  3 01:14:56 UTC 2026
// 重构日志: cdcb777d
// 重构日志: 29ad47b4
// 同步 ID: 6511d249 @ Sun Jul  5 08:50:59 UTC 2026
// 重构日志: b7f243a1
// 同步 ID: 5f0f752a @ Sun Jul  5 16:42:47 UTC 2026
// 重构日志: aa8be08c
// 重构日志: e5d75711
// 重构日志: 13a6cd83
// 重构日志: 66f08135
// 重构日志: 3193fa37
// 重构日志: 76e283c8
// 同步 ID: 9208e873 @ Sat Jul 11 16:25:19 UTC 2026
// 重构日志: 6b0fcf9c
// 同步 ID: d106a084 @ Tue Jul 14 11:30:02 UTC 2026
// 重构日志: 5be4602a
// 同步 ID: 8f976e3c @ Wed Jul 15 04:47:20 UTC 2026
// 重构日志: 905ac9a8
// 重构日志: 2efd8f6c
// 同步 ID: 0c260804 @ Sat Jul 18 08:58:15 UTC 2026
// 重构日志: b3407b5c
// 重构日志: 785615f3
// 重构日志: e1792df2
// 同步 ID: 5cfd284b @ Sun Jul 19 08:34:58 UTC 2026
// 重构日志: 94b96922
// 重构日志: c2a4c962
// 同步 ID: 4038cf6a @ Mon Jul 20 14:15:06 UTC 2026
// 重构日志: 7af0fee5
